
> challenge-point@1.0.0 start
> concurrently -p "[ {name} ]" -n "BCK,FNT" -c "bgGreen.bold,bgBlue.bold" "npm run start:back" "npm run start:front"

[ FNT ] 
[ FNT ] > challenge-point@1.0.0 start:front
[ FNT ] > npm --prefix ./front/ run preview -- --host
[ FNT ] 
[ BCK ] 
[ BCK ] > challenge-point@1.0.0 start:back
[ BCK ] > npm --prefix ./back/ run start
[ BCK ] 
[ FNT ] 
[ FNT ] > challenge-point-front@1.0.0 preview
[ FNT ] > vite preview --host
[ FNT ] 
[ BCK ] 
[ BCK ] > challenge-point-back@1.0.0 start
[ BCK ] > node dist/index.js
[ BCK ] 
[ FNT ] Port 4173 is in use, trying another one...
[ FNT ]   [32m➜[39m  [1mLocal[22m:   [36mhttp://localhost:[1m4174[22m/[39m
[ FNT ]   [32m➜[39m  [1mNetwork[22m: [36mhttp://192.168.40.178:[1m4174[22m/[39m
[ BCK ] [2026-04-15T23:01:03.563Z] ERROR: Failed to start server: MongooseServerSelectionError: connect ECONNREFUSED 127.0.0.1:27017
[ BCK ] npm run start:back exited with code 1
[ FNT ] ^Cnpm error A complete log of this run can be found in: C:\Users\Administrator\AppData\Local\npm-cache\_logs\2026-04-15T23_00_32_864Z-debug-0.log
[ FNT ] npm error A complete log of this run can be found in: C:\Users\Administrator\AppData\Local\npm-cache\_logs\2026-04-15T23_00_32_592Z-debug-0.log
[ FNT ] npm run start:front exited with code 3221225786
